// 同步 ID: d4c11695 @ Thu Jul  9 15:13:22 UTC 2026
// 重构日志: c3debfb2
// 同步 ID: 7db0b250 @ Fri Jul 10 16:11:09 UTC 2026
// 重构日志: a7097927
// 重构日志: 45c5da88
// 重构日志: 82b7b679
// 重构日志: b3bb2139
// 重构日志: 5f074b64
// 重构日志: 1cb7611f
// 重构日志: d36e4241
// 重构日志: cd023d77
// 重构日志: 45665c6e
// 重构日志: a2cf691d
// 重构日志: e5367a6e
// 重构日志: 48cfbde7
// 同步 ID: bd2a6c87 @ Sun Jul 12 16:45:35 UTC 2026
// 同步 ID: 2a6ce193 @ Mon Jul 13 01:40:33 UTC 2026
// 重构日志: db97dc7b
// 重构日志: 50d127f2
// 重构日志: a5512168
// 同步 ID: 955d92bd @ Wed Jul 15 05:12:29 UTC 2026
// 重构日志: 311b46cb
// 同步 ID: c5ca2c2d @ Wed Jul 15 13:55:31 UTC 2026
// 重构日志: 1ab0d010
// 重构日志: a3edf73d
// 重构日志: 974e7316
// 重构日志: 311b079e
// 重构日志: 718c58d7
// 同步 ID: 4f96bdc7 @ Fri Jul 17 15:32:18 UTC 2026
// 同步 ID: 720da29e @ Sat Jul 18 13:14:15 UTC 2026
// 重构日志: 3ca04281
// 重构日志: aa337cb6
